25-07-30.10:08:57.282 [HikariPool-1 housekeeper] WARN  HikariPool             - HikariPool-1 - Thread starvation or clock leap detected (housekeeper delta=11h42m22s576ms980µs800ns).
25-07-30.10:09:01.441 [SpringApplicationShutdownHook] INFO  LocalContainerEntityManagerFactoryBean - Closing JPA EntityManagerFactory for persistence unit 'default'
25-07-30.10:09:01.498 [SpringApplicationShutdownHook] INFO  HikariDataSource       - HikariPool-1 - Shutdown initiated...
25-07-30.10:09:01.548 [SpringApplicationShutdownHook] INFO  HikariDataSource       - HikariPool-1 - Shutdown completed.
25-07-30.10:09:37.181 [main            ] INFO  Application            - Starting Application using Java 1.8.0_432 on jk with PID 7268 (C:\Users\86133\Desktop\java\cognilearn-hub-backend\cognilearn-hub-app\target\classes started by 86133 in C:\Users\86133\Desktop\java\cognilearn-hub-backend)
25-07-30.10:09:37.183 [main            ] INFO  Application            - The following 1 profile is active: "dev"
25-07-30.10:09:38.638 [main            ] INFO  RepositoryConfigurationDelegate - Multiple Spring Data modules found, entering strict repository configuration mode
25-07-30.10:09:38.639 [main            ] INFO  RepositoryConfigurationDelegate - Bootstrapping Spring Data JPA repositories in DEFAULT mode.
25-07-30.10:09:38.680 [main            ] INFO  RepositoryConfigurationDelegate - Finished Spring Data repository scanning in 28 ms. Found 0 JPA repository interfaces.
25-07-30.10:09:38.699 [main            ] INFO  RepositoryConfigurationDelegate - Multiple Spring Data modules found, entering strict repository configuration mode
25-07-30.10:09:38.701 [main            ] INFO  RepositoryConfigurationDelegate - Bootstrapping Spring Data Redis repositories in DEFAULT mode.
25-07-30.10:09:38.730 [main            ] INFO  RepositoryConfigurationDelegate - Finished Spring Data repository scanning in 13 ms. Found 0 Redis repository interfaces.
25-07-30.10:09:39.704 [main            ] INFO  TomcatWebServer        - Tomcat initialized with port(s): 8090 (http)
25-07-30.10:09:39.833 [main            ] INFO  Http11NioProtocol      - Initializing ProtocolHandler ["http-nio-8090"]
25-07-30.10:09:39.845 [main            ] INFO  StandardService        - Starting service [Tomcat]
25-07-30.10:09:39.846 [main            ] INFO  StandardEngine         - Starting Servlet engine: [Apache Tomcat/9.0.75]
25-07-30.10:09:40.073 [main            ] INFO  [/]                    - Initializing Spring embedded WebApplicationContext
25-07-30.10:09:40.073 [main            ] INFO  ServletWebServerApplicationContext - Root WebApplicationContext: initialization completed in 2832 ms
25-07-30.10:09:41.897 [main            ] INFO  Version                - Redisson 3.26.0
25-07-30.10:09:43.039 [redisson-netty-1-4] INFO  ConnectionsHolder      - 1 connections initialized for 127.0.0.1/127.0.0.1:6379
25-07-30.10:09:43.058 [redisson-netty-1-13] INFO  ConnectionsHolder      - 5 connections initialized for 127.0.0.1/127.0.0.1:6379
25-07-30.10:09:43.404 [main            ] INFO  HikariDataSource       - HikariPool-1 - Starting...
25-07-30.10:09:43.810 [main            ] INFO  HikariDataSource       - HikariPool-1 - Start completed.
25-07-30.10:09:43.882 [main            ] INFO  LogHelper              - HHH000204: Processing PersistenceUnitInfo [name: default]
25-07-30.10:09:43.996 [main            ] INFO  Version                - HHH000412: Hibernate ORM core version 5.6.15.Final
25-07-30.10:09:44.428 [main            ] INFO  Version                - HCANN000001: Hibernate Commons Annotations {5.1.2.Final}
25-07-30.10:09:44.642 [main            ] INFO  Dialect                - HHH000400: Using dialect: org.hibernate.dialect.MySQL8Dialect
25-07-30.10:09:44.906 [main            ] INFO  JtaPlatformInitiator   - HHH000490: Using JtaPlatform implementation: [org.hibernate.engine.transaction.jta.platform.internal.NoJtaPlatform]
25-07-30.10:09:44.929 [main            ] INFO  LocalContainerEntityManagerFactoryBean - Initialized JPA EntityManagerFactory for persistence unit 'default'
25-07-30.10:09:45.030 [main            ] INFO  DefaultSecurityFilterChain - Will secure any request with [org.springframework.security.web.session.DisableEncodeUrlFilter@c67395, org.springframework.security.web.context.request.async.WebAsyncManagerIntegrationFilter@5fc7255c, org.springframework.security.web.context.SecurityContextPersistenceFilter@40a8a26f, org.springframework.security.web.header.HeaderWriterFilter@16df9bde, org.springframework.security.web.authentication.logout.LogoutFilter@460f1cdb, org.cxk.trigger.filter.JwtAuthenticationFilter@36b9cb99, org.cxk.trigger.filter.JwtLoginFilter@340cb97f, org.springframework.security.web.savedrequest.RequestCacheAwareFilter@177ddd24, org.springframework.security.web.servletapi.SecurityContextHolderAwareRequestFilter@2c0dca15, org.springframework.security.web.authentication.AnonymousAuthenticationFilter@20a47036, org.springframework.security.web.session.SessionManagementFilter@44aeae34, org.springframework.security.web.access.ExceptionTranslationFilter@b32e983, org.springframework.security.web.access.intercept.AuthorizationFilter@7a1ddbf1]
25-07-30.10:09:45.117 [main            ] WARN  JpaBaseConfiguration$JpaWebConfiguration - spring.jpa.open-in-view is enabled by default. Therefore, database queries may be performed during view rendering. Explicitly configure spring.jpa.open-in-view to disable this warning
25-07-30.10:09:46.175 [main            ] INFO  EndpointLinksResolver  - Exposing 1 endpoint(s) beneath base path '/actuator'
25-07-30.10:09:46.248 [main            ] INFO  Http11NioProtocol      - Starting ProtocolHandler ["http-nio-8090"]
25-07-30.10:09:46.282 [main            ] INFO  TomcatWebServer        - Tomcat started on port(s): 8090 (http) with context path ''
25-07-30.10:09:46.301 [main            ] INFO  Application            - Started Application in 9.959 seconds (JVM running for 11.873)
25-07-30.10:09:47.722 [RMI TCP Connection(5)-192.168.31.1] INFO  [/]                    - Initializing Spring DispatcherServlet 'dispatcherServlet'
25-07-30.10:09:47.722 [RMI TCP Connection(5)-192.168.31.1] INFO  DispatcherServlet      - Initializing Servlet 'dispatcherServlet'
25-07-30.10:09:47.724 [RMI TCP Connection(5)-192.168.31.1] INFO  DispatcherServlet      - Completed initialization in 2 ms
25-07-30.13:37:07.847 [HikariPool-1 housekeeper] WARN  HikariPool             - HikariPool-1 - Thread starvation or clock leap detected (housekeeper delta=3h21m58s887ms129µs).
25-07-30.13:37:12.138 [http-nio-8090-exec-5] ERROR [dispatcherServlet]    - Servlet.service() for servlet [dispatcherServlet] in context with path [] threw exception
org.redisson.client.RedisException: MISCONF Redis is configured to save RDB snapshots, but it is currently not able to persist on disk. Commands that may modify the data set are disabled, because this instance is configured to report errors during writes if RDB snapshotting fails (stop-writes-on-bgsave-error option). Please check the Redis logs for details about the RDB error.. channel: [id: 0xa048d3a2, L:/127.0.0.1:62511 - R:127.0.0.1/127.0.0.1:6379] command: (PSETEX), promise: java.util.concurrent.CompletableFuture@1e838b9e[Not completed, 1 dependents], params: [login:token:5, 15000, PooledUnsafeDirectByteBuf(ridx: 0, widx: 486, cap: 512)]
	at org.redisson.client.handler.CommandDecoder.decode(CommandDecoder.java:411)
	at org.redisson.client.handler.CommandDecoder.decodeCommand(CommandDecoder.java:216)
	at org.redisson.client.handler.CommandDecoder.decode(CommandDecoder.java:144)
	at org.redisson.client.handler.CommandDecoder.decode(CommandDecoder.java:120)
	at io.netty.handler.codec.ByteToMessageDecoder.decodeRemovalReentryProtection(ByteToMessageDecoder.java:529)
	at io.netty.handler.codec.ReplayingDecoder.callDecode(ReplayingDecoder.java:366)
	at io.netty.handler.codec.ByteToMessageDecoder.channelRead(ByteToMessageDecoder.java:290)
	at io.netty.channel.AbstractChannelHandlerContext.invokeChannelRead(AbstractChannelHandlerContext.java:444)
	at io.netty.channel.AbstractChannelHandlerContext.invokeChannelRead(AbstractChannelHandlerContext.java:420)
	at io.netty.channel.AbstractChannelHandlerContext.fireChannelRead(AbstractChannelHandlerContext.java:412)
	at io.netty.channel.DefaultChannelPipeline$HeadContext.channelRead(DefaultChannelPipeline.java:1410)
	at io.netty.channel.AbstractChannelHandlerContext.invokeChannelRead(AbstractChannelHandlerContext.java:440)
	at io.netty.channel.AbstractChannelHandlerContext.invokeChannelRead(AbstractChannelHandlerContext.java:420)
	at io.netty.channel.DefaultChannelPipeline.fireChannelRead(DefaultChannelPipeline.java:919)
	at io.netty.channel.nio.AbstractNioByteChannel$NioByteUnsafe.read(AbstractNioByteChannel.java:166)
	at io.netty.channel.nio.NioEventLoop.processSelectedKey(NioEventLoop.java:788)
	at io.netty.channel.nio.NioEventLoop.processSelectedKeysOptimized(NioEventLoop.java:724)
	at io.netty.channel.nio.NioEventLoop.processSelectedKeys(NioEventLoop.java:650)
	at io.netty.channel.nio.NioEventLoop.run(NioEventLoop.java:562)
	at io.netty.util.concurrent.SingleThreadEventExecutor$4.run(SingleThreadEventExecutor.java:997)
	at io.netty.util.internal.ThreadExecutorMap$2.run(ThreadExecutorMap.java:74)
	at io.netty.util.concurrent.FastThreadLocalRunnable.run(FastThreadLocalRunnable.java:30)
	at java.lang.Thread.run(Thread.java:750)
25-07-30.13:37:18.168 [SpringApplicationShutdownHook] INFO  LocalContainerEntityManagerFactoryBean - Closing JPA EntityManagerFactory for persistence unit 'default'
25-07-30.13:37:18.378 [SpringApplicationShutdownHook] INFO  HikariDataSource       - HikariPool-1 - Shutdown initiated...
25-07-30.13:37:18.403 [SpringApplicationShutdownHook] INFO  HikariDataSource       - HikariPool-1 - Shutdown completed.
25-07-30.13:42:16.134 [main            ] INFO  Application            - Starting Application using Java 1.8.0_432 on jk with PID 35580 (C:\Users\86133\Desktop\java\cognilearn-hub-backend\cognilearn-hub-app\target\classes started by 86133 in C:\Users\86133\Desktop\java\cognilearn-hub-backend)
25-07-30.13:42:16.137 [main            ] INFO  Application            - The following 1 profile is active: "dev"
25-07-30.13:42:17.766 [main            ] INFO  RepositoryConfigurationDelegate - Multiple Spring Data modules found, entering strict repository configuration mode
25-07-30.13:42:17.766 [main            ] INFO  RepositoryConfigurationDelegate - Bootstrapping Spring Data JPA repositories in DEFAULT mode.
25-07-30.13:42:17.807 [main            ] INFO  RepositoryConfigurationDelegate - Finished Spring Data repository scanning in 29 ms. Found 0 JPA repository interfaces.
25-07-30.13:42:17.844 [main            ] INFO  RepositoryConfigurationDelegate - Multiple Spring Data modules found, entering strict repository configuration mode
25-07-30.13:42:17.846 [main            ] INFO  RepositoryConfigurationDelegate - Bootstrapping Spring Data Redis repositories in DEFAULT mode.
25-07-30.13:42:17.905 [main            ] INFO  RepositoryConfigurationDelegate - Finished Spring Data repository scanning in 14 ms. Found 0 Redis repository interfaces.
25-07-30.13:42:19.065 [main            ] INFO  TomcatWebServer        - Tomcat initialized with port(s): 8090 (http)
25-07-30.13:42:19.259 [main            ] INFO  Http11NioProtocol      - Initializing ProtocolHandler ["http-nio-8090"]
25-07-30.13:42:19.271 [main            ] INFO  StandardService        - Starting service [Tomcat]
25-07-30.13:42:19.271 [main            ] INFO  StandardEngine         - Starting Servlet engine: [Apache Tomcat/9.0.75]
25-07-30.13:42:19.628 [main            ] INFO  [/]                    - Initializing Spring embedded WebApplicationContext
25-07-30.13:42:19.629 [main            ] INFO  ServletWebServerApplicationContext - Root WebApplicationContext: initialization completed in 3439 ms
25-07-30.13:42:21.336 [main            ] INFO  Version                - Redisson 3.26.0
25-07-30.13:42:23.844 [redisson-netty-1-4] INFO  ConnectionsHolder      - 1 connections initialized for 127.0.0.1/127.0.0.1:6379
25-07-30.13:42:23.951 [redisson-netty-1-13] INFO  ConnectionsHolder      - 5 connections initialized for 127.0.0.1/127.0.0.1:6379
25-07-30.13:42:24.667 [main            ] INFO  HikariDataSource       - HikariPool-1 - Starting...
25-07-30.13:42:25.501 [main            ] INFO  HikariDataSource       - HikariPool-1 - Start completed.
25-07-30.13:42:26.140 [main            ] INFO  LogHelper              - HHH000204: Processing PersistenceUnitInfo [name: default]
25-07-30.13:42:26.594 [main            ] INFO  Version                - HHH000412: Hibernate ORM core version 5.6.15.Final
25-07-30.13:42:27.669 [main            ] INFO  Version                - HCANN000001: Hibernate Commons Annotations {5.1.2.Final}
25-07-30.13:42:28.492 [main            ] INFO  Dialect                - HHH000400: Using dialect: org.hibernate.dialect.MySQL8Dialect
25-07-30.13:42:29.283 [main            ] INFO  JtaPlatformInitiator   - HHH000490: Using JtaPlatform implementation: [org.hibernate.engine.transaction.jta.platform.internal.NoJtaPlatform]
25-07-30.13:42:29.341 [main            ] INFO  LocalContainerEntityManagerFactoryBean - Initialized JPA EntityManagerFactory for persistence unit 'default'
25-07-30.13:42:29.538 [main            ] INFO  DefaultSecurityFilterChain - Will secure any request with [org.springframework.security.web.session.DisableEncodeUrlFilter@7d685f4e, org.springframework.security.web.context.request.async.WebAsyncManagerIntegrationFilter@61eab26b, org.springframework.security.web.context.SecurityContextPersistenceFilter@2c56eba5, org.springframework.security.web.header.HeaderWriterFilter@2fd4312a, org.springframework.security.web.authentication.logout.LogoutFilter@7d7d8911, org.cxk.trigger.filter.JwtAuthenticationFilter@5f36c8e3, org.cxk.trigger.filter.JwtLoginFilter@4ae280da, org.springframework.security.web.savedrequest.RequestCacheAwareFilter@290c266c, org.springframework.security.web.servletapi.SecurityContextHolderAwareRequestFilter@3c4059a, org.springframework.security.web.authentication.AnonymousAuthenticationFilter@19ac93d2, org.springframework.security.web.session.SessionManagementFilter@246df37b, org.springframework.security.web.access.ExceptionTranslationFilter@b808af5, org.springframework.security.web.access.intercept.AuthorizationFilter@402f61f5]
25-07-30.13:42:29.729 [main            ] WARN  JpaBaseConfiguration$JpaWebConfiguration - spring.jpa.open-in-view is enabled by default. Therefore, database queries may be performed during view rendering. Explicitly configure spring.jpa.open-in-view to disable this warning
25-07-30.13:42:32.136 [main            ] INFO  EndpointLinksResolver  - Exposing 1 endpoint(s) beneath base path '/actuator'
25-07-30.13:42:32.308 [main            ] INFO  Http11NioProtocol      - Starting ProtocolHandler ["http-nio-8090"]
25-07-30.13:42:32.345 [main            ] INFO  TomcatWebServer        - Tomcat started on port(s): 8090 (http) with context path ''
25-07-30.13:42:32.386 [main            ] INFO  Application            - Started Application in 16.97 seconds (JVM running for 18.744)
25-07-30.13:42:37.156 [RMI TCP Connection(3)-192.168.31.1] INFO  [/]                    - Initializing Spring DispatcherServlet 'dispatcherServlet'
25-07-30.13:42:37.157 [RMI TCP Connection(3)-192.168.31.1] INFO  DispatcherServlet      - Initializing Servlet 'dispatcherServlet'
25-07-30.13:42:37.162 [RMI TCP Connection(3)-192.168.31.1] INFO  DispatcherServlet      - Completed initialization in 5 ms
25-07-30.13:43:31.963 [http-nio-8090-exec-28] ERROR [dispatcherServlet]    - Servlet.service() for servlet [dispatcherServlet] in context with path [] threw exception
java.lang.RuntimeException: 用户名不存在（布隆过滤器拦截）
	at org.cxk.trigger.filter.JwtLoginFilter.attemptAuthentication(JwtLoginFilter.java:57)
	at org.springframework.security.web.authentication.AbstractAuthenticationProcessingFilter.doFilter(AbstractAuthenticationProcessingFilter.java:227)
	at org.springframework.security.web.authentication.AbstractAuthenticationProcessingFilter.doFilter(AbstractAuthenticationProcessingFilter.java:217)
	at org.springframework.security.web.FilterChainProxy$VirtualFilterChain.doFilter(FilterChainProxy.java:346)
	at org.cxk.trigger.filter.JwtAuthenticationFilter.doFilterInternal(JwtAuthenticationFilter.java:70)
	at org.springframework.web.filter.OncePerRequestFilter.doFilter(OncePerRequestFilter.java:117)
	at org.springframework.security.web.FilterChainProxy$VirtualFilterChain.doFilter(FilterChainProxy.java:346)
	at org.springframework.security.web.authentication.logout.LogoutFilter.doFilter(LogoutFilter.java:103)
	at org.springframework.security.web.authentication.logout.LogoutFilter.doFilter(LogoutFilter.java:89)
	at org.springframework.security.web.FilterChainProxy$VirtualFilterChain.doFilter(FilterChainProxy.java:346)
	at org.springframework.security.web.header.HeaderWriterFilter.doHeadersAfter(HeaderWriterFilter.java:90)
	at org.springframework.security.web.header.HeaderWriterFilter.doFilterInternal(HeaderWriterFilter.java:75)
	at org.springframework.web.filter.OncePerRequestFilter.doFilter(OncePerRequestFilter.java:117)
	at org.springframework.security.web.FilterChainProxy$VirtualFilterChain.doFilter(FilterChainProxy.java:346)
	at org.springframework.security.web.context.SecurityContextPersistenceFilter.doFilter(SecurityContextPersistenceFilter.java:112)
	at org.springframework.security.web.context.SecurityContextPersistenceFilter.doFilter(SecurityContextPersistenceFilter.java:82)
	at org.springframework.security.web.FilterChainProxy$VirtualFilterChain.doFilter(FilterChainProxy.java:346)
	at org.springframework.security.web.context.request.async.WebAsyncManagerIntegrationFilter.doFilterInternal(WebAsyncManagerIntegrationFilter.java:55)
	at org.springframework.web.filter.OncePerRequestFilter.doFilter(OncePerRequestFilter.java:117)
	at org.springframework.security.web.FilterChainProxy$VirtualFilterChain.doFilter(FilterChainProxy.java:346)
	at org.springframework.security.web.session.DisableEncodeUrlFilter.doFilterInternal(DisableEncodeUrlFilter.java:42)
	at org.springframework.web.filter.OncePerRequestFilter.doFilter(OncePerRequestFilter.java:117)
	at org.springframework.security.web.FilterChainProxy$VirtualFilterChain.doFilter(FilterChainProxy.java:346)
	at org.springframework.security.web.FilterChainProxy.doFilterInternal(FilterChainProxy.java:221)
	at org.springframework.security.web.FilterChainProxy.doFilter(FilterChainProxy.java:186)
	at org.springframework.web.filter.DelegatingFilterProxy.invokeDelegate(DelegatingFilterProxy.java:354)
	at org.springframework.web.filter.DelegatingFilterProxy.doFilter(DelegatingFilterProxy.java:267)
	at org.apache.catalina.core.ApplicationFilterChain.internalDoFilter(ApplicationFilterChain.java:178)
	at org.apache.catalina.core.ApplicationFilterChain.doFilter(ApplicationFilterChain.java:153)
	at org.springframework.web.filter.RequestContextFilter.doFilterInternal(RequestContextFilter.java:100)
	at org.springframework.web.filter.OncePerRequestFilter.doFilter(OncePerRequestFilter.java:117)
	at org.apache.catalina.core.ApplicationFilterChain.internalDoFilter(ApplicationFilterChain.java:178)
	at org.apache.catalina.core.ApplicationFilterChain.doFilter(ApplicationFilterChain.java:153)
	at org.springframework.web.filter.FormContentFilter.doFilterInternal(FormContentFilter.java:93)
	at org.springframework.web.filter.OncePerRequestFilter.doFilter(OncePerRequestFilter.java:117)
	at org.apache.catalina.core.ApplicationFilterChain.internalDoFilter(ApplicationFilterChain.java:178)
	at org.apache.catalina.core.ApplicationFilterChain.doFilter(ApplicationFilterChain.java:153)
	at org.springframework.boot.actuate.metrics.web.servlet.WebMvcMetricsFilter.doFilterInternal(WebMvcMetricsFilter.java:96)
	at org.springframework.web.filter.OncePerRequestFilter.doFilter(OncePerRequestFilter.java:117)
	at org.apache.catalina.core.ApplicationFilterChain.internalDoFilter(ApplicationFilterChain.java:178)
	at org.apache.catalina.core.ApplicationFilterChain.doFilter(ApplicationFilterChain.java:153)
	at org.springframework.web.filter.CharacterEncodingFilter.doFilterInternal(CharacterEncodingFilter.java:201)
	at org.springframework.web.filter.OncePerRequestFilter.doFilter(OncePerRequestFilter.java:117)
	at org.apache.catalina.core.ApplicationFilterChain.internalDoFilter(ApplicationFilterChain.java:178)
	at org.apache.catalina.core.ApplicationFilterChain.doFilter(ApplicationFilterChain.java:153)
	at org.apache.catalina.core.StandardWrapperValve.invoke(StandardWrapperValve.java:167)
	at org.apache.catalina.core.StandardContextValve.invoke(StandardContextValve.java:90)
	at org.apache.catalina.authenticator.AuthenticatorBase.invoke(AuthenticatorBase.java:481)
	at org.apache.catalina.core.StandardHostValve.invoke(StandardHostValve.java:130)
	at org.apache.catalina.valves.ErrorReportValve.invoke(ErrorReportValve.java:93)
	at org.apache.catalina.core.StandardEngineValve.invoke(StandardEngineValve.java:74)
	at org.apache.catalina.connector.CoyoteAdapter.service(CoyoteAdapter.java:343)
	at org.apache.coyote.http11.Http11Processor.service(Http11Processor.java:390)
	at org.apache.coyote.AbstractProcessorLight.process(AbstractProcessorLight.java:63)
	at org.apache.coyote.AbstractProtocol$ConnectionHandler.process(AbstractProtocol.java:926)
	at org.apache.tomcat.util.net.NioEndpoint$SocketProcessor.doRun(NioEndpoint.java:1791)
	at org.apache.tomcat.util.net.SocketProcessorBase.run(SocketProcessorBase.java:52)
	at org.apache.tomcat.util.threads.ThreadPoolExecutor.runWorker(ThreadPoolExecutor.java:1191)
	at org.apache.tomcat.util.threads.ThreadPoolExecutor$Worker.run(ThreadPoolExecutor.java:659)
	at org.apache.tomcat.util.threads.TaskThread$WrappingRunnable.run(TaskThread.java:61)
	at java.lang.Thread.run(Thread.java:750)
25-07-30.13:48:12.400 [SpringApplicationShutdownHook] INFO  LocalContainerEntityManagerFactoryBean - Closing JPA EntityManagerFactory for persistence unit 'default'
25-07-30.13:48:12.429 [SpringApplicationShutdownHook] INFO  HikariDataSource       - HikariPool-1 - Shutdown initiated...
25-07-30.13:48:12.442 [SpringApplicationShutdownHook] INFO  HikariDataSource       - HikariPool-1 - Shutdown completed.
25-07-30.13:48:23.787 [main            ] INFO  Application            - Starting Application using Java 1.8.0_432 on jk with PID 21812 (C:\Users\86133\Desktop\java\cognilearn-hub-backend\cognilearn-hub-app\target\classes started by 86133 in C:\Users\86133\Desktop\java\cognilearn-hub-backend)
25-07-30.13:48:23.790 [main            ] INFO  Application            - The following 1 profile is active: "dev"
25-07-30.13:48:25.084 [main            ] INFO  RepositoryConfigurationDelegate - Multiple Spring Data modules found, entering strict repository configuration mode
25-07-30.13:48:25.085 [main            ] INFO  RepositoryConfigurationDelegate - Bootstrapping Spring Data JPA repositories in DEFAULT mode.
25-07-30.13:48:25.122 [main            ] INFO  RepositoryConfigurationDelegate - Finished Spring Data repository scanning in 27 ms. Found 0 JPA repository interfaces.
25-07-30.13:48:25.138 [main            ] INFO  RepositoryConfigurationDelegate - Multiple Spring Data modules found, entering strict repository configuration mode
25-07-30.13:48:25.140 [main            ] INFO  RepositoryConfigurationDelegate - Bootstrapping Spring Data Redis repositories in DEFAULT mode.
25-07-30.13:48:25.166 [main            ] INFO  RepositoryConfigurationDelegate - Finished Spring Data repository scanning in 14 ms. Found 0 Redis repository interfaces.
25-07-30.13:48:25.950 [main            ] INFO  TomcatWebServer        - Tomcat initialized with port(s): 8090 (http)
25-07-30.13:48:26.070 [main            ] INFO  Http11NioProtocol      - Initializing ProtocolHandler ["http-nio-8090"]
25-07-30.13:48:26.081 [main            ] INFO  StandardService        - Starting service [Tomcat]
25-07-30.13:48:26.081 [main            ] INFO  StandardEngine         - Starting Servlet engine: [Apache Tomcat/9.0.75]
25-07-30.13:48:26.329 [main            ] INFO  [/]                    - Initializing Spring embedded WebApplicationContext
25-07-30.13:48:26.329 [main            ] INFO  ServletWebServerApplicationContext - Root WebApplicationContext: initialization completed in 2479 ms
25-07-30.13:48:27.929 [main            ] INFO  Version                - Redisson 3.26.0
25-07-30.13:48:28.932 [redisson-netty-1-4] INFO  ConnectionsHolder      - 1 connections initialized for 127.0.0.1/127.0.0.1:6379
25-07-30.13:48:28.952 [redisson-netty-1-13] INFO  ConnectionsHolder      - 5 connections initialized for 127.0.0.1/127.0.0.1:6379
25-07-30.13:48:29.210 [main            ] INFO  HikariDataSource       - HikariPool-1 - Starting...
25-07-30.13:48:29.535 [main            ] INFO  HikariDataSource       - HikariPool-1 - Start completed.
25-07-30.13:48:29.832 [main            ] INFO  LogHelper              - HHH000204: Processing PersistenceUnitInfo [name: default]
25-07-30.13:48:29.902 [main            ] INFO  Version                - HHH000412: Hibernate ORM core version 5.6.15.Final
25-07-30.13:48:30.274 [main            ] INFO  Version                - HCANN000001: Hibernate Commons Annotations {5.1.2.Final}
25-07-30.13:48:30.414 [main            ] INFO  Dialect                - HHH000400: Using dialect: org.hibernate.dialect.MySQL8Dialect
25-07-30.13:48:30.602 [main            ] INFO  JtaPlatformInitiator   - HHH000490: Using JtaPlatform implementation: [org.hibernate.engine.transaction.jta.platform.internal.NoJtaPlatform]
25-07-30.13:48:30.617 [main            ] INFO  LocalContainerEntityManagerFactoryBean - Initialized JPA EntityManagerFactory for persistence unit 'default'
25-07-30.13:48:30.687 [main            ] INFO  DefaultSecurityFilterChain - Will secure any request with [org.springframework.security.web.session.DisableEncodeUrlFilter@246df37b, org.springframework.security.web.context.request.async.WebAsyncManagerIntegrationFilter@2abedbbd, org.springframework.security.web.context.SecurityContextPersistenceFilter@2a42019a, org.springframework.security.web.header.HeaderWriterFilter@42d174ad, org.springframework.security.web.authentication.logout.LogoutFilter@fde487b, org.cxk.trigger.filter.JwtAuthenticationFilter@6d091cad, org.cxk.trigger.filter.JwtLoginFilter@6b16de91, org.springframework.security.web.savedrequest.RequestCacheAwareFilter@60194904, org.springframework.security.web.servletapi.SecurityContextHolderAwareRequestFilter@1f48fa72, org.springframework.security.web.authentication.AnonymousAuthenticationFilter@2c56eba5, org.springframework.security.web.session.SessionManagementFilter@2ce47652, org.springframework.security.web.access.ExceptionTranslationFilter@2c1ea7be, org.springframework.security.web.access.intercept.AuthorizationFilter@26270b77]
25-07-30.13:48:30.762 [main            ] WARN  JpaBaseConfiguration$JpaWebConfiguration - spring.jpa.open-in-view is enabled by default. Therefore, database queries may be performed during view rendering. Explicitly configure spring.jpa.open-in-view to disable this warning
25-07-30.13:48:31.683 [main            ] INFO  EndpointLinksResolver  - Exposing 1 endpoint(s) beneath base path '/actuator'
25-07-30.13:48:31.745 [main            ] INFO  Http11NioProtocol      - Starting ProtocolHandler ["http-nio-8090"]
25-07-30.13:48:31.762 [main            ] INFO  TomcatWebServer        - Tomcat started on port(s): 8090 (http) with context path ''
25-07-30.13:48:31.781 [main            ] INFO  Application            - Started Application in 8.748 seconds (JVM running for 10.472)
25-07-30.13:48:32.914 [RMI TCP Connection(2)-192.168.31.1] INFO  [/]                    - Initializing Spring DispatcherServlet 'dispatcherServlet'
25-07-30.13:48:32.915 [RMI TCP Connection(2)-192.168.31.1] INFO  DispatcherServlet      - Initializing Servlet 'dispatcherServlet'
25-07-30.13:48:32.919 [RMI TCP Connection(2)-192.168.31.1] INFO  DispatcherServlet      - Completed initialization in 4 ms
